{"/usr/src/app/app/services/auth.service.js":{"path":"/usr/src/app/app/services/auth.service.js","s":{"1":1,"2":1,"3":1,"4":1,"5":4,"6":4,"7":1,"8":0,"9":0,"10":0,"11":0,"12":0,"13":0,"14":0,"15":1,"16":2,"17":2,"18":1},"b":{"1":[0,0],"2":[0,0]},"f":{"1":1},"fnMap":{"1":{"name":"(anonymous_1)","line":7,"loc":{"start":{"line":7,"column":15},"end":{"line":7,"column":17}}}},"statementMap":{"1":{"start":{"line":2,"column":0},"end":{"line":2,"column":40}},"2":{"start":{"line":3,"column":0},"end":{"line":3,"column":36}},"3":{"start":{"line":4,"column":0},"end":{"line":4,"column":44}},"4":{"start":{"line":8,"column":8},"end":{"line":16,"column":9}},"5":{"start":{"line":9,"column":12},"end":{"line":14,"column":73}},"6":{"start":{"line":15,"column":12},"end":{"line":15,"column":25}},"7":{"start":{"line":17,"column":8},"end":{"line":32,"column":9}},"8":{"start":{"line":18,"column":12},"end":{"line":31,"column":13}},"9":{"start":{"line":19,"column":16},"end":{"line":19,"column":65}},"10":{"start":{"line":20,"column":16},"end":{"line":27,"column":18}},"11":{"start":{"line":21,"column":20},"end":{"line":26,"column":21}},"12":{"start":{"line":22,"column":24},"end":{"line":22,"column":83}},"13":{"start":{"line":25,"column":24},"end":{"line":25,"column":37}},"14":{"start":{"line":29,"column":16},"end":{"line":29,"column":76}},"15":{"start":{"line":34,"column":8},"end":{"line":37,"column":9}},"16":{"start":{"line":35,"column":12},"end":{"line":35,"column":61}},"17":{"start":{"line":36,"column":12},"end":{"line":36,"column":43}},"18":{"start":{"line":41,"column":0},"end":{"line":41,"column":35}}},"branchMap":{"1":{"line":18,"type":"if","locations":[{"start":{"line":18,"column":12},"end":{"line":18,"column":12}},{"start":{"line":18,"column":12},"end":{"line":18,"column":12}}]},"2":{"line":21,"type":"if","locations":[{"start":{"line":21,"column":20},"end":{"line":21,"column":20}},{"start":{"line":21,"column":20},"end":{"line":21,"column":20}}]}}},"/usr/src/app/app/services/file.service.js":{"path":"/usr/src/app/app/services/file.service.js","s":{"1":1,"2":1,"3":1,"4":1,"5":7,"6":1,"7":1,"8":7,"9":7,"10":7,"11":7,"12":4,"13":3,"14":1,"15":3,"16":3,"17":1,"18":4,"19":4,"20":1,"21":0,"22":0,"23":1,"24":0,"25":0,"26":0,"27":0,"28":1,"29":2,"30":1,"31":1,"32":1,"33":1,"34":1,"35":1,"36":1,"37":1,"38":1,"39":1,"40":1,"41":1,"42":5,"43":5,"44":5,"45":1,"46":3,"47":3,"48":1,"49":1,"50":1,"51":2,"52":1,"53":4,"54":4,"55":3,"56":3,"57":2,"58":1,"59":1,"60":1,"61":1,"62":3,"63":1,"64":0,"65":0,"66":0,"67":0,"68":0,"69":0,"70":0,"71":0,"72":0,"73":0,"74":0,"75":0,"76":0,"77":0,"78":0,"79":1,"80":2,"81":2,"82":2,"83":2,"84":2,"85":0,"86":1,"87":2,"88":2,"89":1,"90":1,"91":1,"92":1,"93":2,"94":2,"95":1,"96":1,"97":1,"98":1},"b":{"1":[1,6],"2":[4,3],"3":[0,0],"4":[1,1]},"f":{"1":1,"2":7,"3":3,"4":4,"5":0,"6":0,"7":2,"8":1,"9":1,"10":5,"11":1,"12":1,"13":2,"14":3,"15":2,"16":1,"17":3,"18":0,"19":0,"20":0,"21":0,"22":0,"23":0,"24":2,"25":2,"26":0,"27":1,"28":1,"29":1,"30":1,"31":1},"fnMap":{"1":{"name":"(anonymous_1)","line":7,"loc":{"start":{"line":7,"column":15},"end":{"line":7,"column":18}}},"2":{"name":"validateAttrs","line":9,"loc":{"start":{"line":9,"column":5},"end":{"line":9,"column":48}}},"3":{"name":"validateCreationAttrs","line":26,"loc":{"start":{"line":26,"column":8},"end":{"line":26,"column":45}}},"4":{"name":"validateUpdateAttrs","line":31,"loc":{"start":{"line":31,"column":8},"end":{"line":31,"column":43}}},"5":{"name":"validateUploadAttrs","line":36,"loc":{"start":{"line":36,"column":8},"end":{"line":36,"column":43}}},"6":{"name":"validateFileData","line":41,"loc":{"start":{"line":41,"column":8},"end":{"line":41,"column":43}}},"7":{"name":"validateOptimisticLock","line":51,"loc":{"start":{"line":51,"column":8},"end":{"line":51,"column":52}}},"8":{"name":"createFile","line":57,"loc":{"start":{"line":57,"column":8},"end":{"line":57,"column":43}}},"9":{"name":"updateAttrsForFile","line":63,"loc":{"start":{"line":63,"column":8},"end":{"line":63,"column":49}}},"10":{"name":"getFileReturnData","line":72,"loc":{"start":{"line":72,"column":8},"end":{"line":72,"column":40}}},"11":{"name":"(anonymous_11)","line":81,"loc":{"start":{"line":81,"column":23},"end":{"line":81,"column":34}}},"12":{"name":"(anonymous_12)","line":84,"loc":{"start":{"line":84,"column":22},"end":{"line":84,"column":36}}},"13":{"name":"(anonymous_13)","line":88,"loc":{"start":{"line":88,"column":23},"end":{"line":88,"column":36}}},"14":{"name":"(anonymous_14)","line":97,"loc":{"start":{"line":97,"column":22},"end":{"line":97,"column":38}}},"15":{"name":"(anonymous_15)","line":101,"loc":{"start":{"line":101,"column":23},"end":{"line":101,"column":47}}},"16":{"name":"(anonymous_16)","line":106,"loc":{"start":{"line":106,"column":23},"end":{"line":106,"column":38}}},"17":{"name":"(anonymous_17)","line":110,"loc":{"start":{"line":110,"column":23},"end":{"line":110,"column":36}}},"18":{"name":"(anonymous_18)","line":119,"loc":{"start":{"line":119,"column":16},"end":{"line":119,"column":27}}},"19":{"name":"(anonymous_19)","line":122,"loc":{"start":{"line":122,"column":16},"end":{"line":122,"column":31}}},"20":{"name":"(anonymous_20)","line":126,"loc":{"start":{"line":126,"column":17},"end":{"line":126,"column":41}}},"21":{"name":"(anonymous_21)","line":131,"loc":{"start":{"line":131,"column":22},"end":{"line":131,"column":57}}},"22":{"name":"(anonymous_22)","line":137,"loc":{"start":{"line":137,"column":23},"end":{"line":137,"column":38}}},"23":{"name":"(anonymous_23)","line":141,"loc":{"start":{"line":141,"column":23},"end":{"line":141,"column":36}}},"24":{"name":"(anonymous_24)","line":150,"loc":{"start":{"line":150,"column":23},"end":{"line":150,"column":39}}},"25":{"name":"(anonymous_25)","line":151,"loc":{"start":{"line":151,"column":45},"end":{"line":151,"column":60}}},"26":{"name":"(anonymous_26)","line":156,"loc":{"start":{"line":156,"column":23},"end":{"line":156,"column":36}}},"27":{"name":"(anonymous_27)","line":165,"loc":{"start":{"line":165,"column":23},"end":{"line":165,"column":38}}},"28":{"name":"(anonymous_28)","line":169,"loc":{"start":{"line":169,"column":23},"end":{"line":169,"column":36}}},"29":{"name":"(anonymous_29)","line":178,"loc":{"start":{"line":178,"column":23},"end":{"line":178,"column":38}}},"30":{"name":"(anonymous_30)","line":181,"loc":{"start":{"line":181,"column":23},"end":{"line":181,"column":34}}},"31":{"name":"(anonymous_31)","line":184,"loc":{"start":{"line":184,"column":23},"end":{"line":184,"column":36}}}},"statementMap":{"1":{"start":{"line":2,"column":0},"end":{"line":2,"column":56}},"2":{"start":{"line":3,"column":0},"end":{"line":3,"column":43}},"3":{"start":{"line":4,"column":0},"end":{"line":4,"column":66}},"4":{"start":{"line":9,"column":5},"end":{"line":24,"column":9}},"5":{"start":{"line":10,"column":12},"end":{"line":13,"column":13}},"6":{"start":{"line":11,"column":16},"end":{"line":11,"column":42}},"7":{"start":{"line":12,"column":16},"end":{"line":12,"column":37}},"8":{"start":{"line":15,"column":12},"end":{"line":15,"column":37}},"9":{"start":{"line":16,"column":12},"end":{"line":16,"column":55}},"10":{"start":{"line":17,"column":12},"end":{"line":23,"column":15}},"11":{"start":{"line":18,"column":16},"end":{"line":22,"column":17}},"12":{"start":{"line":19,"column":20},"end":{"line":19,"column":35}},"13":{"start":{"line":21,"column":20},"end":{"line":21,"column":44}},"14":{"start":{"line":26,"column":8},"end":{"line":29,"column":9}},"15":{"start":{"line":27,"column":12},"end":{"line":27,"column":45}},"16":{"start":{"line":28,"column":12},"end":{"line":28,"column":53}},"17":{"start":{"line":31,"column":8},"end":{"line":34,"column":9}},"18":{"start":{"line":32,"column":12},"end":{"line":32,"column":51}},"19":{"start":{"line":33,"column":12},"end":{"line":33,"column":53}},"20":{"start":{"line":36,"column":8},"end":{"line":39,"column":9}},"21":{"start":{"line":37,"column":9},"end":{"line":37,"column":42}},"22":{"start":{"line":38,"column":12},"end":{"line":38,"column":53}},"23":{"start":{"line":41,"column":8},"end":{"line":49,"column":9}},"24":{"start":{"line":42,"column":9},"end":{"line":48,"column":15}},"25":{"start":{"line":43,"column":16},"end":{"line":47,"column":17}},"26":{"start":{"line":44,"column":17},"end":{"line":44,"column":41}},"27":{"start":{"line":46,"column":20},"end":{"line":46,"column":30}},"28":{"start":{"line":51,"column":8},"end":{"line":55,"column":9}},"29":{"start":{"line":52,"column":12},"end":{"line":54,"column":13}},"30":{"start":{"line":53,"column":16},"end":{"line":53,"column":33}},"31":{"start":{"line":57,"column":8},"end":{"line":61,"column":9}},"32":{"start":{"line":58,"column":12},"end":{"line":58,"column":43}},"33":{"start":{"line":59,"column":12},"end":{"line":59,"column":45}},"34":{"start":{"line":60,"column":12},"end":{"line":60,"column":57}},"35":{"start":{"line":63,"column":8},"end":{"line":70,"column":9}},"36":{"start":{"line":64,"column":12},"end":{"line":64,"column":79}},"37":{"start":{"line":65,"column":12},"end":{"line":67,"column":13}},"38":{"start":{"line":66,"column":16},"end":{"line":66,"column":47}},"39":{"start":{"line":68,"column":12},"end":{"line":68,"column":44}},"40":{"start":{"line":69,"column":12},"end":{"line":69,"column":24}},"41":{"start":{"line":72,"column":8},"end":{"line":76,"column":9}},"42":{"start":{"line":73,"column":12},"end":{"line":73,"column":37}},"43":{"start":{"line":74,"column":12},"end":{"line":74,"column":36}},"44":{"start":{"line":75,"column":12},"end":{"line":75,"column":104}},"45":{"start":{"line":78,"column":5},"end":{"line":92,"column":10}},"46":{"start":{"line":79,"column":12},"end":{"line":91,"column":15}},"47":{"start":{"line":80,"column":16},"end":{"line":90,"column":18}},"48":{"start":{"line":82,"column":20},"end":{"line":82,"column":53}},"49":{"start":{"line":85,"column":20},"end":{"line":85,"column":59}},"50":{"start":{"line":86,"column":20},"end":{"line":86,"column":38}},"51":{"start":{"line":89,"column":17},"end":{"line":89,"column":29}},"52":{"start":{"line":94,"column":8},"end":{"line":114,"column":9}},"53":{"start":{"line":95,"column":12},"end":{"line":113,"column":15}},"54":{"start":{"line":96,"column":16},"end":{"line":112,"column":18}},"55":{"start":{"line":98,"column":20},"end":{"line":98,"column":68}},"56":{"start":{"line":99,"column":20},"end":{"line":99,"column":54}},"57":{"start":{"line":102,"column":20},"end":{"line":102,"column":56}},"58":{"start":{"line":103,"column":20},"end":{"line":103,"column":59}},"59":{"start":{"line":104,"column":20},"end":{"line":104,"column":51}},"60":{"start":{"line":107,"column":20},"end":{"line":107,"column":59}},"61":{"start":{"line":108,"column":20},"end":{"line":108,"column":38}},"62":{"start":{"line":111,"column":20},"end":{"line":111,"column":32}},"63":{"start":{"line":116,"column":8},"end":{"line":145,"column":9}},"64":{"start":{"line":117,"column":9},"end":{"line":144,"column":12}},"65":{"start":{"line":118,"column":10},"end":{"line":143,"column":18}},"66":{"start":{"line":120,"column":11},"end":{"line":120,"column":53}},"67":{"start":{"line":123,"column":11},"end":{"line":123,"column":65}},"68":{"start":{"line":124,"column":20},"end":{"line":124,"column":54}},"69":{"start":{"line":127,"column":20},"end":{"line":127,"column":56}},"70":{"start":{"line":128,"column":20},"end":{"line":128,"column":72}},"71":{"start":{"line":129,"column":17},"end":{"line":129,"column":66}},"72":{"start":{"line":132,"column":17},"end":{"line":132,"column":49}},"73":{"start":{"line":133,"column":17},"end":{"line":133,"column":46}},"74":{"start":{"line":134,"column":20},"end":{"line":134,"column":59}},"75":{"start":{"line":135,"column":20},"end":{"line":135,"column":51}},"76":{"start":{"line":138,"column":20},"end":{"line":138,"column":59}},"77":{"start":{"line":139,"column":20},"end":{"line":139,"column":38}},"78":{"start":{"line":142,"column":17},"end":{"line":142,"column":29}},"79":{"start":{"line":147,"column":8},"end":{"line":160,"column":9}},"80":{"start":{"line":148,"column":12},"end":{"line":159,"column":15}},"81":{"start":{"line":149,"column":16},"end":{"line":158,"column":18}},"82":{"start":{"line":151,"column":20},"end":{"line":153,"column":23}},"83":{"start":{"line":152,"column":24},"end":{"line":152,"column":55}},"84":{"start":{"line":154,"column":20},"end":{"line":154,"column":38}},"85":{"start":{"line":157,"column":20},"end":{"line":157,"column":32}},"86":{"start":{"line":162,"column":8},"end":{"line":173,"column":9}},"87":{"start":{"line":163,"column":12},"end":{"line":172,"column":15}},"88":{"start":{"line":164,"column":16},"end":{"line":171,"column":18}},"89":{"start":{"line":166,"column":20},"end":{"line":166,"column":63}},"90":{"start":{"line":167,"column":20},"end":{"line":167,"column":42}},"91":{"start":{"line":170,"column":20},"end":{"line":170,"column":32}},"92":{"start":{"line":175,"column":8},"end":{"line":188,"column":9}},"93":{"start":{"line":176,"column":12},"end":{"line":187,"column":15}},"94":{"start":{"line":177,"column":16},"end":{"line":186,"column":18}},"95":{"start":{"line":179,"column":20},"end":{"line":179,"column":51}},"96":{"start":{"line":182,"column":20},"end":{"line":182,"column":30}},"97":{"start":{"line":185,"column":20},"end":{"line":185,"column":32}},"98":{"start":{"line":192,"column":0},"end":{"line":192,"column":35}}},"branchMap":{"1":{"line":10,"type":"if","locations":[{"start":{"line":10,"column":12},"end":{"line":10,"column":12}},{"start":{"line":10,"column":12},"end":{"line":10,"column":12}}]},"2":{"line":18,"type":"if","locations":[{"start":{"line":18,"column":16},"end":{"line":18,"column":16}},{"start":{"line":18,"column":16},"end":{"line":18,"column":16}}]},"3":{"line":43,"type":"if","locations":[{"start":{"line":43,"column":16},"end":{"line":43,"column":16}},{"start":{"line":43,"column":16},"end":{"line":43,"column":16}}]},"4":{"line":52,"type":"if","locations":[{"start":{"line":52,"column":12},"end":{"line":52,"column":12}},{"start":{"line":52,"column":12},"end":{"line":52,"column":12}}]}}},"/usr/src/app/app/services/dao.service.js":{"path":"/usr/src/app/app/services/dao.service.js","s":{"1":1,"2":4,"3":4,"4":4,"5":4,"6":0,"7":0,"8":1,"9":4,"10":4,"11":4,"12":0,"13":0,"14":1,"15":2,"16":2,"17":2,"18":0,"19":0,"20":1,"21":4,"22":4,"23":4,"24":2,"25":4,"26":4,"27":0,"28":0,"29":1,"30":16,"31":16,"32":16,"33":7,"34":16,"35":16,"36":10,"37":6,"38":0,"39":0,"40":1,"41":8,"42":8,"43":8,"44":3,"45":5,"46":0,"47":0,"48":1},"b":{"1":[2,2],"2":[7,9],"3":[10,6],"4":[3,5]},"f":{"1":1},"fnMap":{"1":{"name":"(anonymous_1)","line":4,"loc":{"start":{"line":4,"column":15},"end":{"line":4,"column":17}}}},"statementMap":{"1":{"start":{"line":6,"column":8},"end":{"line":19,"column":10}},"2":{"start":{"line":7,"column":12},"end":{"line":18,"column":15}},"3":{"start":{"line":8,"column":16},"end":{"line":8,"column":31}},"4":{"start":{"line":9,"column":16},"end":{"line":16,"column":19}},"5":{"start":{"line":11,"column":20},"end":{"line":11,"column":39}},"6":{"start":{"line":14,"column":20},"end":{"line":14,"column":41}},"7":{"start":{"line":15,"column":20},"end":{"line":15,"column":34}},"8":{"start":{"line":21,"column":8},"end":{"line":31,"column":9}},"9":{"start":{"line":22,"column":12},"end":{"line":30,"column":15}},"10":{"start":{"line":23,"column":16},"end":{"line":29,"column":19}},"11":{"start":{"line":24,"column":20},"end":{"line":24,"column":36}},"12":{"start":{"line":27,"column":20},"end":{"line":27,"column":41}},"13":{"start":{"line":28,"column":20},"end":{"line":28,"column":34}},"14":{"start":{"line":33,"column":8},"end":{"line":44,"column":9}},"15":{"start":{"line":34,"column":12},"end":{"line":43,"column":15}},"16":{"start":{"line":35,"column":16},"end":{"line":42,"column":19}},"17":{"start":{"line":37,"column":20},"end":{"line":37,"column":30}},"18":{"start":{"line":40,"column":20},"end":{"line":40,"column":41}},"19":{"start":{"line":41,"column":20},"end":{"line":41,"column":34}},"20":{"start":{"line":46,"column":8},"end":{"line":60,"column":9}},"21":{"start":{"line":47,"column":12},"end":{"line":59,"column":15}},"22":{"start":{"line":48,"column":16},"end":{"line":48,"column":32}},"23":{"start":{"line":49,"column":16},"end":{"line":51,"column":17}},"24":{"start":{"line":50,"column":20},"end":{"line":50,"column":45}},"25":{"start":{"line":52,"column":16},"end":{"line":58,"column":19}},"26":{"start":{"line":53,"column":20},"end":{"line":53,"column":38}},"27":{"start":{"line":56,"column":20},"end":{"line":56,"column":42}},"28":{"start":{"line":57,"column":20},"end":{"line":57,"column":34}},"29":{"start":{"line":62,"column":8},"end":{"line":80,"column":9}},"30":{"start":{"line":63,"column":12},"end":{"line":79,"column":15}},"31":{"start":{"line":64,"column":16},"end":{"line":64,"column":32}},"32":{"start":{"line":65,"column":16},"end":{"line":67,"column":17}},"33":{"start":{"line":66,"column":20},"end":{"line":66,"column":45}},"34":{"start":{"line":68,"column":16},"end":{"line":78,"column":19}},"35":{"start":{"line":69,"column":20},"end":{"line":73,"column":21}},"36":{"start":{"line":70,"column":24},"end":{"line":70,"column":40}},"37":{"start":{"line":72,"column":24},"end":{"line":72,"column":44}},"38":{"start":{"line":76,"column":20},"end":{"line":76,"column":41}},"39":{"start":{"line":77,"column":20},"end":{"line":77,"column":34}},"40":{"start":{"line":82,"column":8},"end":{"line":96,"column":9}},"41":{"start":{"line":83,"column":12},"end":{"line":95,"column":15}},"42":{"start":{"line":84,"column":16},"end":{"line":94,"column":19}},"43":{"start":{"line":85,"column":20},"end":{"line":89,"column":21}},"44":{"start":{"line":86,"column":24},"end":{"line":86,"column":40}},"45":{"start":{"line":88,"column":24},"end":{"line":88,"column":44}},"46":{"start":{"line":92,"column":20},"end":{"line":92,"column":41}},"47":{"start":{"line":93,"column":20},"end":{"line":93,"column":34}},"48":{"start":{"line":101,"column":0},"end":{"line":101,"column":34}}},"branchMap":{"1":{"line":49,"type":"if","locations":[{"start":{"line":49,"column":16},"end":{"line":49,"column":16}},{"start":{"line":49,"column":16},"end":{"line":49,"column":16}}]},"2":{"line":65,"type":"if","locations":[{"start":{"line":65,"column":16},"end":{"line":65,"column":16}},{"start":{"line":65,"column":16},"end":{"line":65,"column":16}}]},"3":{"line":69,"type":"if","locations":[{"start":{"line":69,"column":20},"end":{"line":69,"column":20}},{"start":{"line":69,"column":20},"end":{"line":69,"column":20}}]},"4":{"line":85,"type":"if","locations":[{"start":{"line":85,"column":20},"end":{"line":85,"column":20}},{"start":{"line":85,"column":20},"end":{"line":85,"column":20}}]}}},"/usr/src/app/app/services/fire.base.service.js":{"path":"/usr/src/app/app/services/fire.base.service.js","s":{"1":1,"2":1,"3":1,"4":1,"5":1,"6":1,"7":1,"8":1,"9":0,"10":0,"11":0,"12":0,"13":0,"14":0,"15":0,"16":0,"17":0,"18":0,"19":0,"20":0,"21":0,"22":1,"23":0,"24":0,"25":0,"26":1},"b":{},"f":{"1":1,"2":0,"3":0,"4":0},"fnMap":{"1":{"name":"(anonymous_1)","line":15,"loc":{"start":{"line":15,"column":15},"end":{"line":15,"column":17}}},"2":{"name":"(anonymous_2)","line":37,"loc":{"start":{"line":37,"column":29},"end":{"line":37,"column":43}}},"3":{"name":"(anonymous_3)","line":41,"loc":{"start":{"line":41,"column":30},"end":{"line":41,"column":41}}},"4":{"name":"makeFilePath","line":53,"loc":{"start":{"line":53,"column":8},"end":{"line":53,"column":40}}}},"statementMap":{"1":{"start":{"line":1,"column":0},"end":{"line":1,"column":31}},"2":{"start":{"line":2,"column":0},"end":{"line":2,"column":31}},"3":{"start":{"line":3,"column":0},"end":{"line":3,"column":44}},"4":{"start":{"line":5,"column":0},"end":{"line":5,"column":50}},"5":{"start":{"line":6,"column":0},"end":{"line":6,"column":47}},"6":{"start":{"line":7,"column":0},"end":{"line":7,"column":49}},"7":{"start":{"line":8,"column":0},"end":{"line":11,"column":3}},"8":{"start":{"line":17,"column":8},"end":{"line":51,"column":10}},"9":{"start":{"line":18,"column":12},"end":{"line":50,"column":15}},"10":{"start":{"line":19,"column":16},"end":{"line":19,"column":60}},"11":{"start":{"line":20,"column":16},"end":{"line":20,"column":65}},"12":{"start":{"line":21,"column":16},"end":{"line":21,"column":42}},"13":{"start":{"line":22,"column":16},"end":{"line":22,"column":52}},"14":{"start":{"line":23,"column":16},"end":{"line":23,"column":45}},"15":{"start":{"line":24,"column":16},"end":{"line":49,"column":19}},"16":{"start":{"line":38,"column":20},"end":{"line":38,"column":56}},"17":{"start":{"line":39,"column":20},"end":{"line":39,"column":32}},"18":{"start":{"line":42,"column":20},"end":{"line":42,"column":54}},"19":{"start":{"line":43,"column":20},"end":{"line":43,"column":50}},"20":{"start":{"line":44,"column":20},"end":{"line":47,"column":22}},"21":{"start":{"line":48,"column":20},"end":{"line":48,"column":34}},"22":{"start":{"line":53,"column":8},"end":{"line":57,"column":9}},"23":{"start":{"line":54,"column":12},"end":{"line":54,"column":58}},"24":{"start":{"line":55,"column":12},"end":{"line":55,"column":50}},"25":{"start":{"line":56,"column":12},"end":{"line":56,"column":38}},"26":{"start":{"line":61,"column":0},"end":{"line":61,"column":39}}},"branchMap":{}},"/usr/src/app/app/services/login.service.js":{"path":"/usr/src/app/app/services/login.service.js","s":{"1":1,"2":1,"3":1,"4":1,"5":1,"6":1,"7":1,"8":1,"9":1,"10":1,"11":0,"12":0,"13":0,"14":0,"15":0,"16":0,"17":0,"18":0,"19":0,"20":0,"21":1,"22":0,"23":0,"24":0,"25":0,"26":0,"27":0,"28":0,"29":0,"30":1,"31":3,"32":3,"33":2,"34":1,"35":1,"36":1,"37":2,"38":2,"39":1,"40":3,"41":3,"42":3,"43":1,"44":2,"45":0,"46":1,"47":2,"48":2,"49":2,"50":1,"51":1,"52":1,"53":1,"54":1,"55":1,"56":1,"57":1,"58":0,"59":1,"60":3,"61":3,"62":1,"63":3,"64":0,"65":3,"66":1,"67":0,"68":0,"69":0,"70":0,"71":1,"72":2,"73":2,"74":2,"75":2,"76":1},"b":{"1":[0,0],"2":[0,0],"3":[1,2],"4":[1,1],"5":[0,3],"6":[0,0],"7":[2,0],"8":[2,1]},"f":{"1":1,"2":0,"3":0,"4":0,"5":0,"6":0,"7":0,"8":0,"9":3,"10":2,"11":1,"12":1,"13":2,"14":3,"15":3,"16":2,"17":2,"18":1,"19":3,"20":0,"21":2},"fnMap":{"1":{"name":"(anonymous_1)","line":17,"loc":{"start":{"line":17,"column":15},"end":{"line":17,"column":18}}},"2":{"name":"authByFB","line":18,"loc":{"start":{"line":18,"column":8},"end":{"line":18,"column":53}}},"3":{"name":"(anonymous_3)","line":21,"loc":{"start":{"line":21,"column":22},"end":{"line":21,"column":37}}},"4":{"name":"(anonymous_4)","line":25,"loc":{"start":{"line":25,"column":31},"end":{"line":25,"column":45}}},"5":{"name":"(anonymous_5)","line":28,"loc":{"start":{"line":28,"column":31},"end":{"line":28,"column":45}}},"6":{"name":"(anonymous_6)","line":36,"loc":{"start":{"line":36,"column":31},"end":{"line":36,"column":44}}},"7":{"name":"(anonymous_7)","line":44,"loc":{"start":{"line":44,"column":23},"end":{"line":44,"column":36}}},"8":{"name":"isValidFB","line":49,"loc":{"start":{"line":49,"column":8},"end":{"line":49,"column":35}}},"9":{"name":"authByApp","line":68,"loc":{"start":{"line":68,"column":8},"end":{"line":68,"column":54}}},"10":{"name":"(anonymous_10)","line":71,"loc":{"start":{"line":71,"column":23},"end":{"line":71,"column":37}}},"11":{"name":"(anonymous_11)","line":74,"loc":{"start":{"line":74,"column":23},"end":{"line":74,"column":37}}},"12":{"name":"(anonymous_12)","line":77,"loc":{"start":{"line":77,"column":23},"end":{"line":77,"column":37}}},"13":{"name":"(anonymous_13)","line":85,"loc":{"start":{"line":85,"column":23},"end":{"line":85,"column":36}}},"14":{"name":"getUserByUsername","line":91,"loc":{"start":{"line":91,"column":8},"end":{"line":91,"column":52}}},"15":{"name":"(anonymous_15)","line":95,"loc":{"start":{"line":95,"column":23},"end":{"line":95,"column":37}}},"16":{"name":"checkValidPassword","line":106,"loc":{"start":{"line":106,"column":8},"end":{"line":106,"column":57}}},"17":{"name":"(anonymous_17)","line":108,"loc":{"start":{"line":108,"column":66},"end":{"line":108,"column":82}}},"18":{"name":"generateAndSaveToken","line":118,"loc":{"start":{"line":118,"column":8},"end":{"line":118,"column":44}}},"19":{"name":"isUserFB","line":132,"loc":{"start":{"line":132,"column":8},"end":{"line":132,"column":35}}},"20":{"name":"handleErrFB","line":145,"loc":{"start":{"line":145,"column":8},"end":{"line":145,"column":33}}},"21":{"name":"handleErrAPP","line":152,"loc":{"start":{"line":152,"column":8},"end":{"line":152,"column":34}}}},"statementMap":{"1":{"start":{"line":2,"column":0},"end":{"line":2,"column":51}},"2":{"start":{"line":3,"column":0},"end":{"line":3,"column":44}},"3":{"start":{"line":4,"column":0},"end":{"line":4,"column":56}},"4":{"start":{"line":6,"column":0},"end":{"line":6,"column":45}},"5":{"start":{"line":7,"column":0},"end":{"line":7,"column":57}},"6":{"start":{"line":10,"column":0},"end":{"line":10,"column":38}},"7":{"start":{"line":11,"column":0},"end":{"line":11,"column":45}},"8":{"start":{"line":12,"column":0},"end":{"line":12,"column":53}},"9":{"start":{"line":13,"column":0},"end":{"line":13,"column":41}},"10":{"start":{"line":18,"column":8},"end":{"line":48,"column":9}},"11":{"start":{"line":19,"column":12},"end":{"line":47,"column":15}},"12":{"start":{"line":20,"column":16},"end":{"line":46,"column":18}},"13":{"start":{"line":23,"column":20},"end":{"line":42,"column":21}},"14":{"start":{"line":24,"column":24},"end":{"line":38,"column":26}},"15":{"start":{"line":26,"column":28},"end":{"line":26,"column":62}},"16":{"start":{"line":29,"column":28},"end":{"line":33,"column":30}},"17":{"start":{"line":34,"column":28},"end":{"line":34,"column":44}},"18":{"start":{"line":37,"column":28},"end":{"line":37,"column":53}},"19":{"start":{"line":41,"column":24},"end":{"line":41,"column":53}},"20":{"start":{"line":45,"column":20},"end":{"line":45,"column":45}},"21":{"start":{"line":49,"column":8},"end":{"line":66,"column":9}},"22":{"start":{"line":50,"column":12},"end":{"line":65,"column":14}},"23":{"start":{"line":51,"column":16},"end":{"line":51,"column":49}},"24":{"start":{"line":52,"column":16},"end":{"line":54,"column":71}},"25":{"start":{"line":55,"column":16},"end":{"line":64,"column":18}},"26":{"start":{"line":57,"column":20},"end":{"line":63,"column":21}},"27":{"start":{"line":58,"column":24},"end":{"line":58,"column":55}},"28":{"start":{"line":61,"column":24},"end":{"line":61,"column":51}},"29":{"start":{"line":62,"column":24},"end":{"line":62,"column":51}},"30":{"start":{"line":68,"column":8},"end":{"line":90,"column":9}},"31":{"start":{"line":69,"column":12},"end":{"line":89,"column":15}},"32":{"start":{"line":70,"column":16},"end":{"line":88,"column":18}},"33":{"start":{"line":72,"column":20},"end":{"line":72,"column":61}},"34":{"start":{"line":75,"column":20},"end":{"line":75,"column":54}},"35":{"start":{"line":78,"column":20},"end":{"line":82,"column":22}},"36":{"start":{"line":83,"column":20},"end":{"line":83,"column":36}},"37":{"start":{"line":86,"column":20},"end":{"line":86,"column":50}},"38":{"start":{"line":87,"column":20},"end":{"line":87,"column":35}},"39":{"start":{"line":91,"column":8},"end":{"line":105,"column":9}},"40":{"start":{"line":92,"column":12},"end":{"line":104,"column":15}},"41":{"start":{"line":93,"column":16},"end":{"line":103,"column":18}},"42":{"start":{"line":96,"column":20},"end":{"line":100,"column":21}},"43":{"start":{"line":97,"column":24},"end":{"line":97,"column":47}},"44":{"start":{"line":99,"column":24},"end":{"line":99,"column":38}},"45":{"start":{"line":102,"column":20},"end":{"line":102,"column":31}},"46":{"start":{"line":106,"column":8},"end":{"line":116,"column":9}},"47":{"start":{"line":107,"column":12},"end":{"line":115,"column":15}},"48":{"start":{"line":108,"column":16},"end":{"line":114,"column":19}},"49":{"start":{"line":109,"column":20},"end":{"line":113,"column":21}},"50":{"start":{"line":110,"column":24},"end":{"line":110,"column":49}},"51":{"start":{"line":112,"column":24},"end":{"line":112,"column":38}},"52":{"start":{"line":118,"column":8},"end":{"line":130,"column":9}},"53":{"start":{"line":119,"column":12},"end":{"line":129,"column":15}},"54":{"start":{"line":120,"column":16},"end":{"line":120,"column":52}},"55":{"start":{"line":121,"column":16},"end":{"line":121,"column":35}},"56":{"start":{"line":122,"column":16},"end":{"line":128,"column":18}},"57":{"start":{"line":124,"column":20},"end":{"line":124,"column":34}},"58":{"start":{"line":127,"column":20},"end":{"line":127,"column":41}},"59":{"start":{"line":132,"column":8},"end":{"line":135,"column":9}},"60":{"start":{"line":133,"column":12},"end":{"line":133,"column":43}},"61":{"start":{"line":134,"column":12},"end":{"line":134,"column":31}},"62":{"start":{"line":137,"column":8},"end":{"line":144,"column":9}},"63":{"start":{"line":138,"column":12},"end":{"line":143,"column":13}},"64":{"start":{"line":139,"column":16},"end":{"line":139,"column":60}},"65":{"start":{"line":142,"column":16},"end":{"line":142,"column":60}},"66":{"start":{"line":145,"column":8},"end":{"line":151,"column":9}},"67":{"start":{"line":146,"column":12},"end":{"line":146,"column":42}},"68":{"start":{"line":147,"column":12},"end":{"line":149,"column":13}},"69":{"start":{"line":148,"column":16},"end":{"line":148,"column":45}},"70":{"start":{"line":150,"column":12},"end":{"line":150,"column":25}},"71":{"start":{"line":152,"column":8},"end":{"line":158,"column":9}},"72":{"start":{"line":153,"column":12},"end":{"line":153,"column":38}},"73":{"start":{"line":154,"column":12},"end":{"line":156,"column":13}},"74":{"start":{"line":155,"column":16},"end":{"line":155,"column":40}},"75":{"start":{"line":157,"column":12},"end":{"line":157,"column":25}},"76":{"start":{"line":162,"column":0},"end":{"line":162,"column":36}}},"branchMap":{"1":{"line":23,"type":"if","locations":[{"start":{"line":23,"column":20},"end":{"line":23,"column":20}},{"start":{"line":23,"column":20},"end":{"line":23,"column":20}}]},"2":{"line":57,"type":"if","locations":[{"start":{"line":57,"column":20},"end":{"line":57,"column":20}},{"start":{"line":57,"column":20},"end":{"line":57,"column":20}}]},"3":{"line":96,"type":"if","locations":[{"start":{"line":96,"column":20},"end":{"line":96,"column":20}},{"start":{"line":96,"column":20},"end":{"line":96,"column":20}}]},"4":{"line":109,"type":"if","locations":[{"start":{"line":109,"column":20},"end":{"line":109,"column":20}},{"start":{"line":109,"column":20},"end":{"line":109,"column":20}}]},"5":{"line":138,"type":"if","locations":[{"start":{"line":138,"column":12},"end":{"line":138,"column":12}},{"start":{"line":138,"column":12},"end":{"line":138,"column":12}}]},"6":{"line":147,"type":"if","locations":[{"start":{"line":147,"column":12},"end":{"line":147,"column":12}},{"start":{"line":147,"column":12},"end":{"line":147,"column":12}}]},"7":{"line":154,"type":"if","locations":[{"start":{"line":154,"column":12},"end":{"line":154,"column":12}},{"start":{"line":154,"column":12},"end":{"line":154,"column":12}}]},"8":{"line":154,"type":"binary-expr","locations":[{"start":{"line":154,"column":16},"end":{"line":154,"column":37}},{"start":{"line":154,"column":41},"end":{"line":154,"column":64}}]}}},"/usr/src/app/app/services/user.service.js":{"path":"/usr/src/app/app/services/user.service.js","s":{"1":1,"2":1,"3":1,"4":1,"5":1,"6":1,"7":2,"8":0,"9":0,"10":2,"11":2,"12":2,"13":2,"14":2,"15":2,"16":2,"17":2,"18":1,"19":1,"20":1,"21":1,"22":1,"23":1,"24":0,"25":1,"26":1,"27":1,"28":2,"29":2,"30":1,"31":1,"32":1,"33":1,"34":1,"35":1,"36":1,"37":1,"38":1,"39":0,"40":0,"41":0,"42":0,"43":0,"44":0,"45":1,"46":0,"47":0,"48":0,"49":0,"50":0,"51":1},"b":{"1":[0,2],"2":[2,0],"3":[1,1]},"f":{"1":1,"2":2,"3":1,"4":1,"5":0,"6":1,"7":1,"8":1,"9":1,"10":1,"11":0,"12":0,"13":0,"14":0},"fnMap":{"1":{"name":"(anonymous_1)","line":9,"loc":{"start":{"line":9,"column":15},"end":{"line":9,"column":18}}},"2":{"name":"validateAttrs","line":11,"loc":{"start":{"line":11,"column":8},"end":{"line":11,"column":38}}},"3":{"name":"getHashedPassword","line":40,"loc":{"start":{"line":40,"column":8},"end":{"line":40,"column":45}}},"4":{"name":"(anonymous_4)","line":42,"loc":{"start":{"line":42,"column":69},"end":{"line":42,"column":84}}},"5":{"name":"(anonymous_5)","line":45,"loc":{"start":{"line":45,"column":23},"end":{"line":45,"column":37}}},"6":{"name":"createUser","line":51,"loc":{"start":{"line":51,"column":8},"end":{"line":51,"column":43}}},"7":{"name":"(anonymous_7)","line":59,"loc":{"start":{"line":59,"column":23},"end":{"line":59,"column":34}}},"8":{"name":"(anonymous_8)","line":62,"loc":{"start":{"line":62,"column":22},"end":{"line":62,"column":41}}},"9":{"name":"(anonymous_9)","line":67,"loc":{"start":{"line":67,"column":22},"end":{"line":67,"column":36}}},"10":{"name":"(anonymous_10)","line":72,"loc":{"start":{"line":72,"column":23},"end":{"line":72,"column":36}}},"11":{"name":"(anonymous_11)","line":82,"loc":{"start":{"line":82,"column":23},"end":{"line":82,"column":38}}},"12":{"name":"(anonymous_12)","line":87,"loc":{"start":{"line":87,"column":23},"end":{"line":87,"column":36}}},"13":{"name":"(anonymous_13)","line":97,"loc":{"start":{"line":97,"column":23},"end":{"line":97,"column":38}}},"14":{"name":"(anonymous_14)","line":100,"loc":{"start":{"line":100,"column":23},"end":{"line":100,"column":36}}}},"statementMap":{"1":{"start":{"line":2,"column":0},"end":{"line":2,"column":47}},"2":{"start":{"line":3,"column":0},"end":{"line":3,"column":39}},"3":{"start":{"line":4,"column":0},"end":{"line":4,"column":53}},"4":{"start":{"line":5,"column":0},"end":{"line":5,"column":56}},"5":{"start":{"line":6,"column":0},"end":{"line":6,"column":43}},"6":{"start":{"line":11,"column":8},"end":{"line":38,"column":9}},"7":{"start":{"line":12,"column":12},"end":{"line":15,"column":13}},"8":{"start":{"line":13,"column":16},"end":{"line":13,"column":42}},"9":{"start":{"line":14,"column":16},"end":{"line":14,"column":37}},"10":{"start":{"line":16,"column":12},"end":{"line":19,"column":13}},"11":{"start":{"line":17,"column":16},"end":{"line":17,"column":54}},"12":{"start":{"line":18,"column":16},"end":{"line":18,"column":41}},"13":{"start":{"line":21,"column":12},"end":{"line":27,"column":14}},"14":{"start":{"line":29,"column":12},"end":{"line":29,"column":37}},"15":{"start":{"line":30,"column":12},"end":{"line":30,"column":55}},"16":{"start":{"line":31,"column":12},"end":{"line":37,"column":15}},"17":{"start":{"line":32,"column":16},"end":{"line":36,"column":17}},"18":{"start":{"line":33,"column":20},"end":{"line":33,"column":30}},"19":{"start":{"line":35,"column":20},"end":{"line":35,"column":44}},"20":{"start":{"line":40,"column":8},"end":{"line":49,"column":9}},"21":{"start":{"line":41,"column":12},"end":{"line":48,"column":15}},"22":{"start":{"line":42,"column":16},"end":{"line":47,"column":19}},"23":{"start":{"line":43,"column":20},"end":{"line":43,"column":34}},"24":{"start":{"line":46,"column":20},"end":{"line":46,"column":39}},"25":{"start":{"line":51,"column":8},"end":{"line":53,"column":9}},"26":{"start":{"line":52,"column":12},"end":{"line":52,"column":57}},"27":{"start":{"line":55,"column":8},"end":{"line":76,"column":10}},"28":{"start":{"line":57,"column":12},"end":{"line":75,"column":15}},"29":{"start":{"line":58,"column":16},"end":{"line":74,"column":18}},"30":{"start":{"line":60,"column":20},"end":{"line":60,"column":64}},"31":{"start":{"line":63,"column":20},"end":{"line":63,"column":46}},"32":{"start":{"line":64,"column":20},"end":{"line":64,"column":59}},"33":{"start":{"line":65,"column":20},"end":{"line":65,"column":53}},"34":{"start":{"line":68,"column":20},"end":{"line":68,"column":53}},"35":{"start":{"line":69,"column":20},"end":{"line":69,"column":49}},"36":{"start":{"line":70,"column":20},"end":{"line":70,"column":42}},"37":{"start":{"line":73,"column":20},"end":{"line":73,"column":32}},"38":{"start":{"line":79,"column":8},"end":{"line":91,"column":9}},"39":{"start":{"line":80,"column":12},"end":{"line":90,"column":15}},"40":{"start":{"line":81,"column":16},"end":{"line":89,"column":18}},"41":{"start":{"line":83,"column":20},"end":{"line":83,"column":53}},"42":{"start":{"line":84,"column":20},"end":{"line":84,"column":49}},"43":{"start":{"line":85,"column":20},"end":{"line":85,"column":42}},"44":{"start":{"line":88,"column":20},"end":{"line":88,"column":32}},"45":{"start":{"line":93,"column":8},"end":{"line":104,"column":9}},"46":{"start":{"line":94,"column":12},"end":{"line":103,"column":15}},"47":{"start":{"line":95,"column":16},"end":{"line":95,"column":46}},"48":{"start":{"line":96,"column":16},"end":{"line":102,"column":18}},"49":{"start":{"line":98,"column":20},"end":{"line":98,"column":34}},"50":{"start":{"line":101,"column":20},"end":{"line":101,"column":32}},"51":{"start":{"line":107,"column":0},"end":{"line":107,"column":35}}},"branchMap":{"1":{"line":12,"type":"if","locations":[{"start":{"line":12,"column":12},"end":{"line":12,"column":12}},{"start":{"line":12,"column":12},"end":{"line":12,"column":12}}]},"2":{"line":16,"type":"if","locations":[{"start":{"line":16,"column":12},"end":{"line":16,"column":12}},{"start":{"line":16,"column":12},"end":{"line":16,"column":12}}]},"3":{"line":32,"type":"if","locations":[{"start":{"line":32,"column":16},"end":{"line":32,"column":16}},{"start":{"line":32,"column":16},"end":{"line":32,"column":16}}]}}},"/usr/src/app/app/services/server.service.js":{"path":"/usr/src/app/app/services/server.service.js","s":{"1":1,"2":1,"3":1,"4":1,"5":1,"6":9,"7":1,"8":1,"9":9,"10":9,"11":9,"12":9,"13":6,"14":3,"15":1,"16":4,"17":4,"18":1,"19":5,"20":5,"21":1,"22":2,"23":2,"24":2,"25":1,"26":4,"27":4,"28":4,"29":2,"30":2,"31":2,"32":2,"33":2,"34":2,"35":2,"36":1,"37":3,"38":1,"39":1,"40":2,"41":2,"42":2,"43":2,"44":2,"45":1,"46":5,"47":5,"48":4,"49":4,"50":4,"51":3,"52":2,"53":2,"54":2,"55":2,"56":2,"57":3,"58":1,"59":2,"60":2,"61":1,"62":1,"63":1,"64":1,"65":8,"66":8,"67":8,"68":8,"69":8,"70":8,"71":1,"72":8,"73":1,"74":3,"75":3,"76":3,"77":2,"78":2,"79":2,"80":1,"81":1,"82":2,"83":2,"84":2,"85":2,"86":2,"87":2,"88":0,"89":1,"90":9,"91":1,"92":0,"93":0,"94":1,"95":2,"96":2,"97":2,"98":2,"99":0,"100":0,"101":2,"102":0,"103":1,"104":2,"105":2,"106":2,"107":1,"108":1,"109":1,"110":1,"111":2,"112":2,"113":2,"114":1,"115":1,"116":1,"117":1,"118":2,"119":2,"120":2,"121":1,"122":1,"123":0,"124":1,"125":0,"126":1,"127":0,"128":1,"129":1,"130":1},"b":{"1":[1,8],"2":[6,3],"3":[1,2],"4":[8,0],"5":[2,0],"6":[0,1],"7":[1,0],"8":[0,1],"9":[0,1]},"f":{"1":1,"2":9,"3":4,"4":5,"5":2,"6":2,"7":2,"8":2,"9":3,"10":2,"11":4,"12":3,"13":2,"14":3,"15":1,"16":1,"17":1,"18":8,"19":8,"20":2,"21":1,"22":2,"23":2,"24":0,"25":9,"26":0,"27":2,"28":0,"29":0,"30":2,"31":1,"32":1,"33":1},"fnMap":{"1":{"name":"(anonymous_1)","line":9,"loc":{"start":{"line":9,"column":15},"end":{"line":9,"column":18}}},"2":{"name":"validateAttrs","line":11,"loc":{"start":{"line":11,"column":8},"end":{"line":11,"column":51}}},"3":{"name":"validateCreationAttrs","line":28,"loc":{"start":{"line":28,"column":8},"end":{"line":28,"column":45}}},"4":{"name":"validateUpdateAttrs","line":33,"loc":{"start":{"line":33,"column":8},"end":{"line":33,"column":43}}},"5":{"name":"createServer","line":38,"loc":{"start":{"line":38,"column":8},"end":{"line":38,"column":45}}},"6":{"name":"(anonymous_6)","line":48,"loc":{"start":{"line":48,"column":22},"end":{"line":48,"column":38}}},"7":{"name":"(anonymous_7)","line":52,"loc":{"start":{"line":52,"column":22},"end":{"line":52,"column":41}}},"8":{"name":"(anonymous_8)","line":61,"loc":{"start":{"line":61,"column":23},"end":{"line":61,"column":36}}},"9":{"name":"validateOptimisticLock","line":67,"loc":{"start":{"line":67,"column":8},"end":{"line":67,"column":57}}},"10":{"name":"updateAttrsForServer","line":73,"loc":{"start":{"line":73,"column":8},"end":{"line":73,"column":56}}},"11":{"name":"(anonymous_11)","line":86,"loc":{"start":{"line":86,"column":22},"end":{"line":86,"column":38}}},"12":{"name":"(anonymous_12)","line":91,"loc":{"start":{"line":91,"column":23},"end":{"line":91,"column":52}}},"13":{"name":"(anonymous_13)","line":96,"loc":{"start":{"line":96,"column":23},"end":{"line":96,"column":43}}},"14":{"name":"(anonymous_14)","line":104,"loc":{"start":{"line":104,"column":23},"end":{"line":104,"column":36}}},"15":{"name":"(anonymous_15)","line":113,"loc":{"start":{"line":113,"column":23},"end":{"line":113,"column":43}}},"16":{"name":"(anonymous_16)","line":116,"loc":{"start":{"line":116,"column":23},"end":{"line":116,"column":34}}},"17":{"name":"(anonymous_17)","line":119,"loc":{"start":{"line":119,"column":23},"end":{"line":119,"column":36}}},"18":{"name":"getServerReturnData","line":125,"loc":{"start":{"line":125,"column":8},"end":{"line":125,"column":47}}},"19":{"name":"getTokenData","line":135,"loc":{"start":{"line":135,"column":8},"end":{"line":135,"column":40}}},"20":{"name":"(anonymous_20)","line":146,"loc":{"start":{"line":146,"column":23},"end":{"line":146,"column":43}}},"21":{"name":"(anonymous_21)","line":154,"loc":{"start":{"line":154,"column":23},"end":{"line":154,"column":36}}},"22":{"name":"(anonymous_22)","line":164,"loc":{"start":{"line":164,"column":23},"end":{"line":164,"column":44}}},"23":{"name":"(anonymous_23)","line":165,"loc":{"start":{"line":165,"column":53},"end":{"line":165,"column":73}}},"24":{"name":"(anonymous_24)","line":173,"loc":{"start":{"line":173,"column":23},"end":{"line":173,"column":36}}},"25":{"name":"getInclude","line":179,"loc":{"start":{"line":179,"column":8},"end":{"line":179,"column":35}}},"26":{"name":"updateLastConnection","line":185,"loc":{"start":{"line":185,"column":8},"end":{"line":185,"column":49}}},"27":{"name":"(anonymous_27)","line":190,"loc":{"start":{"line":190,"column":36},"end":{"line":190,"column":60}}},"28":{"name":"(anonymous_28)","line":195,"loc":{"start":{"line":195,"column":27},"end":{"line":195,"column":47}}},"29":{"name":"(anonymous_29)","line":198,"loc":{"start":{"line":198,"column":26},"end":{"line":198,"column":36}}},"30":{"name":"(anonymous_30)","line":201,"loc":{"start":{"line":201,"column":27},"end":{"line":201,"column":40}}},"31":{"name":"(anonymous_31)","line":213,"loc":{"start":{"line":213,"column":23},"end":{"line":213,"column":40}}},"32":{"name":"(anonymous_32)","line":228,"loc":{"start":{"line":228,"column":23},"end":{"line":228,"column":40}}},"33":{"name":"(anonymous_33)","line":243,"loc":{"start":{"line":243,"column":23},"end":{"line":243,"column":40}}}},"statementMap":{"1":{"start":{"line":2,"column":0},"end":{"line":2,"column":51}},"2":{"start":{"line":3,"column":0},"end":{"line":3,"column":56}},"3":{"start":{"line":4,"column":0},"end":{"line":4,"column":57}},"4":{"start":{"line":5,"column":0},"end":{"line":5,"column":43}},"5":{"start":{"line":11,"column":8},"end":{"line":26,"column":9}},"6":{"start":{"line":12,"column":12},"end":{"line":15,"column":13}},"7":{"start":{"line":13,"column":16},"end":{"line":13,"column":42}},"8":{"start":{"line":14,"column":16},"end":{"line":14,"column":37}},"9":{"start":{"line":17,"column":12},"end":{"line":17,"column":37}},"10":{"start":{"line":18,"column":12},"end":{"line":18,"column":55}},"11":{"start":{"line":19,"column":12},"end":{"line":25,"column":15}},"12":{"start":{"line":20,"column":16},"end":{"line":24,"column":17}},"13":{"start":{"line":21,"column":20},"end":{"line":21,"column":35}},"14":{"start":{"line":23,"column":20},"end":{"line":23,"column":44}},"15":{"start":{"line":28,"column":8},"end":{"line":31,"column":9}},"16":{"start":{"line":29,"column":12},"end":{"line":29,"column":50}},"17":{"start":{"line":30,"column":12},"end":{"line":30,"column":53}},"18":{"start":{"line":33,"column":8},"end":{"line":36,"column":9}},"19":{"start":{"line":34,"column":12},"end":{"line":34,"column":47}},"20":{"start":{"line":35,"column":12},"end":{"line":35,"column":53}},"21":{"start":{"line":38,"column":8},"end":{"line":42,"column":9}},"22":{"start":{"line":39,"column":12},"end":{"line":39,"column":43}},"23":{"start":{"line":40,"column":12},"end":{"line":40,"column":45}},"24":{"start":{"line":41,"column":12},"end":{"line":41,"column":63}},"25":{"start":{"line":44,"column":8},"end":{"line":65,"column":10}},"26":{"start":{"line":45,"column":12},"end":{"line":64,"column":15}},"27":{"start":{"line":46,"column":16},"end":{"line":46,"column":39}},"28":{"start":{"line":47,"column":16},"end":{"line":63,"column":18}},"29":{"start":{"line":49,"column":20},"end":{"line":49,"column":64}},"30":{"start":{"line":50,"column":20},"end":{"line":50,"column":55}},"31":{"start":{"line":53,"column":20},"end":{"line":53,"column":42}},"32":{"start":{"line":54,"column":20},"end":{"line":54,"column":68}},"33":{"start":{"line":55,"column":20},"end":{"line":58,"column":22}},"34":{"start":{"line":59,"column":20},"end":{"line":59,"column":42}},"35":{"start":{"line":62,"column":20},"end":{"line":62,"column":32}},"36":{"start":{"line":67,"column":8},"end":{"line":71,"column":9}},"37":{"start":{"line":68,"column":12},"end":{"line":70,"column":13}},"38":{"start":{"line":69,"column":16},"end":{"line":69,"column":33}},"39":{"start":{"line":73,"column":8},"end":{"line":80,"column":9}},"40":{"start":{"line":74,"column":12},"end":{"line":74,"column":64}},"41":{"start":{"line":75,"column":12},"end":{"line":77,"column":13}},"42":{"start":{"line":76,"column":16},"end":{"line":76,"column":52}},"43":{"start":{"line":78,"column":12},"end":{"line":78,"column":49}},"44":{"start":{"line":79,"column":12},"end":{"line":79,"column":29}},"45":{"start":{"line":82,"column":8},"end":{"line":108,"column":9}},"46":{"start":{"line":83,"column":12},"end":{"line":107,"column":15}},"47":{"start":{"line":85,"column":16},"end":{"line":106,"column":18}},"48":{"start":{"line":87,"column":20},"end":{"line":87,"column":53}},"49":{"start":{"line":88,"column":20},"end":{"line":88,"column":89}},"50":{"start":{"line":89,"column":20},"end":{"line":89,"column":60}},"51":{"start":{"line":92,"column":20},"end":{"line":92,"column":61}},"52":{"start":{"line":93,"column":20},"end":{"line":93,"column":71}},"53":{"start":{"line":94,"column":20},"end":{"line":94,"column":56}},"54":{"start":{"line":97,"column":20},"end":{"line":97,"column":68}},"55":{"start":{"line":98,"column":20},"end":{"line":101,"column":22}},"56":{"start":{"line":102,"column":20},"end":{"line":102,"column":42}},"57":{"start":{"line":105,"column":20},"end":{"line":105,"column":32}},"58":{"start":{"line":110,"column":8},"end":{"line":123,"column":9}},"59":{"start":{"line":111,"column":12},"end":{"line":122,"column":15}},"60":{"start":{"line":112,"column":16},"end":{"line":121,"column":18}},"61":{"start":{"line":114,"column":20},"end":{"line":114,"column":56}},"62":{"start":{"line":117,"column":20},"end":{"line":117,"column":30}},"63":{"start":{"line":120,"column":20},"end":{"line":120,"column":32}},"64":{"start":{"line":125,"column":8},"end":{"line":133,"column":9}},"65":{"start":{"line":126,"column":12},"end":{"line":126,"column":42}},"66":{"start":{"line":127,"column":12},"end":{"line":127,"column":36}},"67":{"start":{"line":128,"column":12},"end":{"line":128,"column":38}},"68":{"start":{"line":129,"column":12},"end":{"line":131,"column":13}},"69":{"start":{"line":130,"column":16},"end":{"line":130,"column":47}},"70":{"start":{"line":132,"column":12},"end":{"line":132,"column":105}},"71":{"start":{"line":135,"column":8},"end":{"line":140,"column":9}},"72":{"start":{"line":136,"column":12},"end":{"line":139,"column":14}},"73":{"start":{"line":142,"column":8},"end":{"line":158,"column":9}},"74":{"start":{"line":143,"column":12},"end":{"line":157,"column":15}},"75":{"start":{"line":144,"column":16},"end":{"line":144,"column":49}},"76":{"start":{"line":145,"column":16},"end":{"line":156,"column":18}},"77":{"start":{"line":147,"column":20},"end":{"line":147,"column":68}},"78":{"start":{"line":148,"column":20},"end":{"line":151,"column":22}},"79":{"start":{"line":152,"column":20},"end":{"line":152,"column":42}},"80":{"start":{"line":155,"column":20},"end":{"line":155,"column":32}},"81":{"start":{"line":160,"column":8},"end":{"line":177,"column":9}},"82":{"start":{"line":161,"column":12},"end":{"line":176,"column":15}},"83":{"start":{"line":162,"column":16},"end":{"line":162,"column":49}},"84":{"start":{"line":163,"column":16},"end":{"line":175,"column":18}},"85":{"start":{"line":165,"column":20},"end":{"line":170,"column":23}},"86":{"start":{"line":166,"column":24},"end":{"line":169,"column":26}},"87":{"start":{"line":171,"column":20},"end":{"line":171,"column":41}},"88":{"start":{"line":174,"column":20},"end":{"line":174,"column":32}},"89":{"start":{"line":179,"column":8},"end":{"line":183,"column":9}},"90":{"start":{"line":180,"column":12},"end":{"line":182,"column":15}},"91":{"start":{"line":185,"column":8},"end":{"line":188,"column":9}},"92":{"start":{"line":186,"column":12},"end":{"line":186,"column":50}},"93":{"start":{"line":187,"column":12},"end":{"line":187,"column":48}},"94":{"start":{"line":190,"column":8},"end":{"line":208,"column":9}},"95":{"start":{"line":191,"column":12},"end":{"line":207,"column":15}},"96":{"start":{"line":192,"column":16},"end":{"line":206,"column":17}},"97":{"start":{"line":193,"column":20},"end":{"line":193,"column":51}},"98":{"start":{"line":194,"column":20},"end":{"line":203,"column":22}},"99":{"start":{"line":196,"column":24},"end":{"line":196,"column":63}},"100":{"start":{"line":199,"column":24},"end":{"line":199,"column":34}},"101":{"start":{"line":202,"column":24},"end":{"line":202,"column":34}},"102":{"start":{"line":205,"column":20},"end":{"line":205,"column":30}},"103":{"start":{"line":209,"column":8},"end":{"line":223,"column":9}},"104":{"start":{"line":210,"column":12},"end":{"line":222,"column":14}},"105":{"start":{"line":211,"column":16},"end":{"line":211,"column":40}},"106":{"start":{"line":212,"column":16},"end":{"line":221,"column":30}},"107":{"start":{"line":214,"column":20},"end":{"line":214,"column":52}},"108":{"start":{"line":215,"column":20},"end":{"line":219,"column":34}},"109":{"start":{"line":217,"column":24},"end":{"line":217,"column":43}},"110":{"start":{"line":224,"column":8},"end":{"line":238,"column":9}},"111":{"start":{"line":225,"column":12},"end":{"line":237,"column":14}},"112":{"start":{"line":226,"column":16},"end":{"line":226,"column":40}},"113":{"start":{"line":227,"column":16},"end":{"line":236,"column":30}},"114":{"start":{"line":229,"column":20},"end":{"line":229,"column":52}},"115":{"start":{"line":230,"column":20},"end":{"line":234,"column":34}},"116":{"start":{"line":232,"column":24},"end":{"line":232,"column":42}},"117":{"start":{"line":239,"column":8},"end":{"line":260,"column":9}},"118":{"start":{"line":240,"column":12},"end":{"line":259,"column":14}},"119":{"start":{"line":241,"column":16},"end":{"line":241,"column":40}},"120":{"start":{"line":242,"column":16},"end":{"line":258,"column":30}},"121":{"start":{"line":244,"column":20},"end":{"line":244,"column":55}},"122":{"start":{"line":245,"column":20},"end":{"line":251,"column":21}},"123":{"start":{"line":246,"column":24},"end":{"line":246,"column":71}},"124":{"start":{"line":247,"column":27},"end":{"line":251,"column":21}},"125":{"start":{"line":248,"column":24},"end":{"line":248,"column":52}},"126":{"start":{"line":249,"column":27},"end":{"line":251,"column":21}},"127":{"start":{"line":250,"column":24},"end":{"line":250,"column":48}},"128":{"start":{"line":252,"column":20},"end":{"line":256,"column":34}},"129":{"start":{"line":254,"column":24},"end":{"line":254,"column":36}},"130":{"start":{"line":263,"column":0},"end":{"line":263,"column":37}}},"branchMap":{"1":{"line":12,"type":"if","locations":[{"start":{"line":12,"column":12},"end":{"line":12,"column":12}},{"start":{"line":12,"column":12},"end":{"line":12,"column":12}}]},"2":{"line":20,"type":"if","locations":[{"start":{"line":20,"column":16},"end":{"line":20,"column":16}},{"start":{"line":20,"column":16},"end":{"line":20,"column":16}}]},"3":{"line":68,"type":"if","locations":[{"start":{"line":68,"column":12},"end":{"line":68,"column":12}},{"start":{"line":68,"column":12},"end":{"line":68,"column":12}}]},"4":{"line":129,"type":"if","locations":[{"start":{"line":129,"column":12},"end":{"line":129,"column":12}},{"start":{"line":129,"column":12},"end":{"line":129,"column":12}}]},"5":{"line":192,"type":"if","locations":[{"start":{"line":192,"column":16},"end":{"line":192,"column":16}},{"start":{"line":192,"column":16},"end":{"line":192,"column":16}}]},"6":{"line":245,"type":"if","locations":[{"start":{"line":245,"column":20},"end":{"line":245,"column":20}},{"start":{"line":245,"column":20},"end":{"line":245,"column":20}}]},"7":{"line":245,"type":"binary-expr","locations":[{"start":{"line":245,"column":24},"end":{"line":245,"column":33}},{"start":{"line":245,"column":37},"end":{"line":245,"column":44}}]},"8":{"line":247,"type":"if","locations":[{"start":{"line":247,"column":27},"end":{"line":247,"column":27}},{"start":{"line":247,"column":27},"end":{"line":247,"column":27}}]},"9":{"line":249,"type":"if","locations":[{"start":{"line":249,"column":27},"end":{"line":249,"column":27}},{"start":{"line":249,"column":27},"end":{"line":249,"column":27}}]}}}}