TN:
SF:/usr/src/app/app/services/auth.service.js
FN:7,(anonymous_1)
FNF:1
FNH:1
FNDA:1,(anonymous_1)
DA:2,1
DA:3,1
DA:4,1
DA:8,1
DA:9,4
DA:15,4
DA:17,1
DA:18,0
DA:19,0
DA:20,0
DA:21,0
DA:22,0
DA:25,0
DA:29,0
DA:34,1
DA:35,2
DA:36,2
DA:41,1
LF:18
LH:11
BRDA:18,1,0,0
BRDA:18,1,1,0
BRDA:21,2,0,0
BRDA:21,2,1,0
BRF:4
BRH:0
end_of_record
TN:
SF:/usr/src/app/app/services/file.service.js
FN:7,(anonymous_1)
FN:9,validateAttrs
FN:26,validateCreationAttrs
FN:31,validateUpdateAttrs
FN:36,validateUploadAttrs
FN:41,validateFileData
FN:51,validateOptimisticLock
FN:57,createFile
FN:63,updateAttrsForFile
FN:72,getFileReturnData
FN:81,(anonymous_11)
FN:84,(anonymous_12)
FN:88,(anonymous_13)
FN:97,(anonymous_14)
FN:101,(anonymous_15)
FN:106,(anonymous_16)
FN:110,(anonymous_17)
FN:119,(anonymous_18)
FN:122,(anonymous_19)
FN:126,(anonymous_20)
FN:131,(anonymous_21)
FN:137,(anonymous_22)
FN:141,(anonymous_23)
FN:150,(anonymous_24)
FN:151,(anonymous_25)
FN:156,(anonymous_26)
FN:165,(anonymous_27)
FN:169,(anonymous_28)
FN:178,(anonymous_29)
FN:181,(anonymous_30)
FN:184,(anonymous_31)
FNF:31
FNH:22
FNDA:1,(anonymous_1)
FNDA:7,validateAttrs
FNDA:3,validateCreationAttrs
FNDA:4,validateUpdateAttrs
FNDA:0,validateUploadAttrs
FNDA:0,validateFileData
FNDA:2,validateOptimisticLock
FNDA:1,createFile
FNDA:1,updateAttrsForFile
FNDA:5,getFileReturnData
FNDA:1,(anonymous_11)
FNDA:1,(anonymous_12)
FNDA:2,(anonymous_13)
FNDA:3,(anonymous_14)
FNDA:2,(anonymous_15)
FNDA:1,(anonymous_16)
FNDA:3,(anonymous_17)
FNDA:0,(anonymous_18)
FNDA:0,(anonymous_19)
FNDA:0,(anonymous_20)
FNDA:0,(anonymous_21)
FNDA:0,(anonymous_22)
FNDA:0,(anonymous_23)
FNDA:2,(anonymous_24)
FNDA:2,(anonymous_25)
FNDA:0,(anonymous_26)
FNDA:1,(anonymous_27)
FNDA:1,(anonymous_28)
FNDA:1,(anonymous_29)
FNDA:1,(anonymous_30)
FNDA:1,(anonymous_31)
DA:2,1
DA:3,1
DA:4,1
DA:9,1
DA:10,7
DA:11,1
DA:12,1
DA:15,7
DA:16,7
DA:17,7
DA:18,7
DA:19,4
DA:21,3
DA:26,1
DA:27,3
DA:28,3
DA:31,1
DA:32,4
DA:33,4
DA:36,1
DA:37,0
DA:38,0
DA:41,1
DA:42,0
DA:43,0
DA:44,0
DA:46,0
DA:51,1
DA:52,2
DA:53,1
DA:57,1
DA:58,1
DA:59,1
DA:60,1
DA:63,1
DA:64,1
DA:65,1
DA:66,1
DA:68,1
DA:69,1
DA:72,1
DA:73,5
DA:74,5
DA:75,5
DA:78,1
DA:79,3
DA:80,3
DA:82,1
DA:85,1
DA:86,1
DA:89,2
DA:94,1
DA:95,4
DA:96,4
DA:98,3
DA:99,3
DA:102,2
DA:103,1
DA:104,1
DA:107,1
DA:108,1
DA:111,3
DA:116,1
DA:117,0
DA:118,0
DA:120,0
DA:123,0
DA:124,0
DA:127,0
DA:128,0
DA:129,0
DA:132,0
DA:133,0
DA:134,0
DA:135,0
DA:138,0
DA:139,0
DA:142,0
DA:147,1
DA:148,2
DA:149,2
DA:151,2
DA:152,2
DA:154,2
DA:157,0
DA:162,1
DA:163,2
DA:164,2
DA:166,1
DA:167,1
DA:170,1
DA:175,1
DA:176,2
DA:177,2
DA:179,1
DA:182,1
DA:185,1
DA:192,1
LF:98
LH:76
BRDA:10,1,0,1
BRDA:10,1,1,6
BRDA:18,2,0,4
BRDA:18,2,1,3
BRDA:43,3,0,0
BRDA:43,3,1,0
BRDA:52,4,0,1
BRDA:52,4,1,1
BRF:8
BRH:6
end_of_record
TN:
SF:/usr/src/app/app/services/dao.service.js
FN:4,(anonymous_1)
FNF:1
FNH:1
FNDA:1,(anonymous_1)
DA:6,1
DA:7,4
DA:8,4
DA:9,4
DA:11,4
DA:14,0
DA:15,0
DA:21,1
DA:22,4
DA:23,4
DA:24,4
DA:27,0
DA:28,0
DA:33,1
DA:34,2
DA:35,2
DA:37,2
DA:40,0
DA:41,0
DA:46,1
DA:47,4
DA:48,4
DA:49,4
DA:50,2
DA:52,4
DA:53,4
DA:56,0
DA:57,0
DA:62,1
DA:63,16
DA:64,16
DA:65,16
DA:66,7
DA:68,16
DA:69,16
DA:70,10
DA:72,6
DA:76,0
DA:77,0
DA:82,1
DA:83,8
DA:84,8
DA:85,8
DA:86,3
DA:88,5
DA:92,0
DA:93,0
DA:101,1
LF:48
LH:36
BRDA:49,1,0,2
BRDA:49,1,1,2
BRDA:65,2,0,7
BRDA:65,2,1,9
BRDA:69,3,0,10
BRDA:69,3,1,6
BRDA:85,4,0,3
BRDA:85,4,1,5
BRF:8
BRH:8
end_of_record
TN:
SF:/usr/src/app/app/services/fire.base.service.js
FN:15,(anonymous_1)
FN:37,(anonymous_2)
FN:41,(anonymous_3)
FN:53,makeFilePath
FNF:4
FNH:1
FNDA:1,(anonymous_1)
FNDA:0,(anonymous_2)
FNDA:0,(anonymous_3)
FNDA:0,makeFilePath
DA:1,1
DA:2,1
DA:3,1
DA:5,1
DA:6,1
DA:7,1
DA:8,1
DA:17,1
DA:18,0
DA:19,0
DA:20,0
DA:21,0
DA:22,0
DA:23,0
DA:24,0
DA:38,0
DA:39,0
DA:42,0
DA:43,0
DA:44,0
DA:48,0
DA:53,1
DA:54,0
DA:55,0
DA:56,0
DA:61,1
LF:26
LH:10
BRF:0
BRH:0
end_of_record
TN:
SF:/usr/src/app/app/services/login.service.js
FN:17,(anonymous_1)
FN:18,authByFB
FN:21,(anonymous_3)
FN:25,(anonymous_4)
FN:28,(anonymous_5)
FN:36,(anonymous_6)
FN:44,(anonymous_7)
FN:49,isValidFB
FN:68,authByApp
FN:71,(anonymous_10)
FN:74,(anonymous_11)
FN:77,(anonymous_12)
FN:85,(anonymous_13)
FN:91,getUserByUsername
FN:95,(anonymous_15)
FN:106,checkValidPassword
FN:108,(anonymous_17)
FN:118,generateAndSaveToken
FN:132,isUserFB
FN:145,handleErrFB
FN:152,handleErrAPP
FNF:21
FNH:13
FNDA:1,(anonymous_1)
FNDA:0,authByFB
FNDA:0,(anonymous_3)
FNDA:0,(anonymous_4)
FNDA:0,(anonymous_5)
FNDA:0,(anonymous_6)
FNDA:0,(anonymous_7)
FNDA:0,isValidFB
FNDA:3,authByApp
FNDA:2,(anonymous_10)
FNDA:1,(anonymous_11)
FNDA:1,(anonymous_12)
FNDA:2,(anonymous_13)
FNDA:3,getUserByUsername
FNDA:3,(anonymous_15)
FNDA:2,checkValidPassword
FNDA:2,(anonymous_17)
FNDA:1,generateAndSaveToken
FNDA:3,isUserFB
FNDA:0,handleErrFB
FNDA:2,handleErrAPP
DA:2,1
DA:3,1
DA:4,1
DA:6,1
DA:7,1
DA:10,1
DA:11,1
DA:12,1
DA:13,1
DA:18,1
DA:19,0
DA:20,0
DA:23,0
DA:24,0
DA:26,0
DA:29,0
DA:34,0
DA:37,0
DA:41,0
DA:45,0
DA:49,1
DA:50,0
DA:51,0
DA:52,0
DA:55,0
DA:57,0
DA:58,0
DA:61,0
DA:62,0
DA:68,1
DA:69,3
DA:70,3
DA:72,2
DA:75,1
DA:78,1
DA:83,1
DA:86,2
DA:87,2
DA:91,1
DA:92,3
DA:93,3
DA:96,3
DA:97,1
DA:99,2
DA:102,0
DA:106,1
DA:107,2
DA:108,2
DA:109,2
DA:110,1
DA:112,1
DA:118,1
DA:119,1
DA:120,1
DA:121,1
DA:122,1
DA:124,1
DA:127,0
DA:132,1
DA:133,3
DA:134,3
DA:137,1
DA:138,3
DA:139,0
DA:142,3
DA:145,1
DA:146,0
DA:147,0
DA:148,0
DA:150,0
DA:152,1
DA:153,2
DA:154,2
DA:155,2
DA:157,2
DA:162,1
LF:76
LH:51
BRDA:23,1,0,0
BRDA:23,1,1,0
BRDA:57,2,0,0
BRDA:57,2,1,0
BRDA:96,3,0,1
BRDA:96,3,1,2
BRDA:109,4,0,1
BRDA:109,4,1,1
BRDA:138,5,0,0
BRDA:138,5,1,3
BRDA:147,6,0,0
BRDA:147,6,1,0
BRDA:154,7,0,2
BRDA:154,7,1,0
BRDA:154,8,0,2
BRDA:154,8,1,1
BRF:16
BRH:8
end_of_record
TN:
SF:/usr/src/app/app/services/user.service.js
FN:9,(anonymous_1)
FN:11,validateAttrs
FN:40,getHashedPassword
FN:42,(anonymous_4)
FN:45,(anonymous_5)
FN:51,createUser
FN:59,(anonymous_7)
FN:62,(anonymous_8)
FN:67,(anonymous_9)
FN:72,(anonymous_10)
FN:82,(anonymous_11)
FN:87,(anonymous_12)
FN:97,(anonymous_13)
FN:100,(anonymous_14)
FNF:14
FNH:9
FNDA:1,(anonymous_1)
FNDA:2,validateAttrs
FNDA:1,getHashedPassword
FNDA:1,(anonymous_4)
FNDA:0,(anonymous_5)
FNDA:1,createUser
FNDA:1,(anonymous_7)
FNDA:1,(anonymous_8)
FNDA:1,(anonymous_9)
FNDA:1,(anonymous_10)
FNDA:0,(anonymous_11)
FNDA:0,(anonymous_12)
FNDA:0,(anonymous_13)
FNDA:0,(anonymous_14)
DA:2,1
DA:3,1
DA:4,1
DA:5,1
DA:6,1
DA:11,1
DA:12,2
DA:13,0
DA:14,0
DA:16,2
DA:17,2
DA:18,2
DA:21,2
DA:29,2
DA:30,2
DA:31,2
DA:32,2
DA:33,1
DA:35,1
DA:40,1
DA:41,1
DA:42,1
DA:43,1
DA:46,0
DA:51,1
DA:52,1
DA:55,1
DA:57,2
DA:58,2
DA:60,1
DA:63,1
DA:64,1
DA:65,1
DA:68,1
DA:69,1
DA:70,1
DA:73,1
DA:79,1
DA:80,0
DA:81,0
DA:83,0
DA:84,0
DA:85,0
DA:88,0
DA:93,1
DA:94,0
DA:95,0
DA:96,0
DA:98,0
DA:101,0
DA:107,1
LF:51
LH:37
BRDA:12,1,0,0
BRDA:12,1,1,2
BRDA:16,2,0,2
BRDA:16,2,1,0
BRDA:32,3,0,1
BRDA:32,3,1,1
BRF:6
BRH:4
end_of_record
TN:
SF:/usr/src/app/app/services/server.service.js
FN:9,(anonymous_1)
FN:11,validateAttrs
FN:28,validateCreationAttrs
FN:33,validateUpdateAttrs
FN:38,createServer
FN:48,(anonymous_6)
FN:52,(anonymous_7)
FN:61,(anonymous_8)
FN:67,validateOptimisticLock
FN:73,updateAttrsForServer
FN:86,(anonymous_11)
FN:91,(anonymous_12)
FN:96,(anonymous_13)
FN:104,(anonymous_14)
FN:113,(anonymous_15)
FN:116,(anonymous_16)
FN:119,(anonymous_17)
FN:125,getServerReturnData
FN:135,getTokenData
FN:146,(anonymous_20)
FN:154,(anonymous_21)
FN:164,(anonymous_22)
FN:165,(anonymous_23)
FN:173,(anonymous_24)
FN:179,getInclude
FN:185,updateLastConnection
FN:190,(anonymous_27)
FN:195,(anonymous_28)
FN:198,(anonymous_29)
FN:201,(anonymous_30)
FN:213,(anonymous_31)
FN:228,(anonymous_32)
FN:243,(anonymous_33)
FNF:33
FNH:29
FNDA:1,(anonymous_1)
FNDA:9,validateAttrs
FNDA:4,validateCreationAttrs
FNDA:5,validateUpdateAttrs
FNDA:2,createServer
FNDA:2,(anonymous_6)
FNDA:2,(anonymous_7)
FNDA:2,(anonymous_8)
FNDA:3,validateOptimisticLock
FNDA:2,updateAttrsForServer
FNDA:4,(anonymous_11)
FNDA:3,(anonymous_12)
FNDA:2,(anonymous_13)
FNDA:3,(anonymous_14)
FNDA:1,(anonymous_15)
FNDA:1,(anonymous_16)
FNDA:1,(anonymous_17)
FNDA:8,getServerReturnData
FNDA:8,getTokenData
FNDA:2,(anonymous_20)
FNDA:1,(anonymous_21)
FNDA:2,(anonymous_22)
FNDA:2,(anonymous_23)
FNDA:0,(anonymous_24)
FNDA:9,getInclude
FNDA:0,updateLastConnection
FNDA:2,(anonymous_27)
FNDA:0,(anonymous_28)
FNDA:0,(anonymous_29)
FNDA:2,(anonymous_30)
FNDA:1,(anonymous_31)
FNDA:1,(anonymous_32)
FNDA:1,(anonymous_33)
DA:2,1
DA:3,1
DA:4,1
DA:5,1
DA:11,1
DA:12,9
DA:13,1
DA:14,1
DA:17,9
DA:18,9
DA:19,9
DA:20,9
DA:21,6
DA:23,3
DA:28,1
DA:29,4
DA:30,4
DA:33,1
DA:34,5
DA:35,5
DA:38,1
DA:39,2
DA:40,2
DA:41,2
DA:44,1
DA:45,4
DA:46,4
DA:47,4
DA:49,2
DA:50,2
DA:53,2
DA:54,2
DA:55,2
DA:59,2
DA:62,2
DA:67,1
DA:68,3
DA:69,1
DA:73,1
DA:74,2
DA:75,2
DA:76,2
DA:78,2
DA:79,2
DA:82,1
DA:83,5
DA:85,5
DA:87,4
DA:88,4
DA:89,4
DA:92,3
DA:93,2
DA:94,2
DA:97,2
DA:98,2
DA:102,2
DA:105,3
DA:110,1
DA:111,2
DA:112,2
DA:114,1
DA:117,1
DA:120,1
DA:125,1
DA:126,8
DA:127,8
DA:128,8
DA:129,8
DA:130,8
DA:132,8
DA:135,1
DA:136,8
DA:142,1
DA:143,3
DA:144,3
DA:145,3
DA:147,2
DA:148,2
DA:152,2
DA:155,1
DA:160,1
DA:161,2
DA:162,2
DA:163,2
DA:165,2
DA:166,2
DA:171,2
DA:174,0
DA:179,1
DA:180,9
DA:185,1
DA:186,0
DA:187,0
DA:190,1
DA:191,2
DA:192,2
DA:193,2
DA:194,2
DA:196,0
DA:199,0
DA:202,2
DA:205,0
DA:209,1
DA:210,2
DA:211,2
DA:212,2
DA:214,1
DA:215,1
DA:217,1
DA:224,1
DA:225,2
DA:226,2
DA:227,2
DA:229,1
DA:230,1
DA:232,1
DA:239,1
DA:240,2
DA:241,2
DA:242,2
DA:244,1
DA:245,1
DA:246,0
DA:247,1
DA:248,0
DA:249,1
DA:250,0
DA:252,1
DA:254,1
DA:263,1
LF:130
LH:121
BRDA:12,1,0,1
BRDA:12,1,1,8
BRDA:20,2,0,6
BRDA:20,2,1,3
BRDA:68,3,0,1
BRDA:68,3,1,2
BRDA:129,4,0,8
BRDA:129,4,1,0
BRDA:192,5,0,2
BRDA:192,5,1,0
BRDA:245,6,0,0
BRDA:245,6,1,1
BRDA:245,7,0,1
BRDA:245,7,1,0
BRDA:247,8,0,0
BRDA:247,8,1,1
BRDA:249,9,0,0
BRDA:249,9,1,1
BRF:18
BRH:12
end_of_record
